c:\users\yanni\perforce\yannick_laptop\graphicsprogramming1\2021-2022\students\ygodeau\yannick_godeau_raytracer\startproject_raytracer\source\tempfiles\release\vc142.pdb
f:\final\startproject_raytracer\source\tempfiles\release\vc142.pdb
f:\final\startproject_raytracer\source\tempfiles\release\trianglemesh.obj
f:\final\startproject_raytracer\source\tempfiles\release\triangle.obj
f:\final\startproject_raytracer\source\tempfiles\release\sphere.obj
f:\final\startproject_raytracer\source\tempfiles\release\scenegraph.obj
f:\final\startproject_raytracer\source\tempfiles\release\primitive.obj
f:\final\startproject_raytracer\source\tempfiles\release\pointlight.obj
f:\final\startproject_raytracer\source\tempfiles\release\plane.obj
f:\final\startproject_raytracer\source\tempfiles\release\perspectivecamera.obj
f:\final\startproject_raytracer\source\tempfiles\release\pbrmaterial.obj
f:\final\startproject_raytracer\source\tempfiles\release\material.obj
f:\final\startproject_raytracer\source\tempfiles\release\main.obj
f:\final\startproject_raytracer\source\tempfiles\release\light.obj
f:\final\startproject_raytracer\source\tempfiles\release\lambertphongmaterial.obj
f:\final\startproject_raytracer\source\tempfiles\release\lambertmaterial.obj
f:\final\startproject_raytracer\source\tempfiles\release\hitrecord.obj
f:\final\startproject_raytracer\source\tempfiles\release\etimer.obj
f:\final\startproject_raytracer\source\tempfiles\release\erenderer.obj
f:\final\startproject_raytracer\source\tempfiles\release\directionallight.obj
f:\final\startproject_raytracer\source\tempfiles\release\brdf.obj
d:\final\startproject_raytracer\source\tempfiles\release\vc142.pdb
d:\final\startproject_raytracer\source\tempfiles\release\trianglemesh.obj
d:\final\startproject_raytracer\source\tempfiles\release\triangle.obj
d:\final\startproject_raytracer\source\tempfiles\release\sphere.obj
d:\final\startproject_raytracer\source\tempfiles\release\scenegraph.obj
d:\final\startproject_raytracer\source\tempfiles\release\primitive.obj
d:\final\startproject_raytracer\source\tempfiles\release\pointlight.obj
d:\final\startproject_raytracer\source\tempfiles\release\plane.obj
d:\final\startproject_raytracer\source\tempfiles\release\perspectivecamera.obj
d:\final\startproject_raytracer\source\tempfiles\release\pbrmaterial.obj
d:\final\startproject_raytracer\source\tempfiles\release\material.obj
d:\final\startproject_raytracer\source\tempfiles\release\main.obj
d:\final\startproject_raytracer\source\tempfiles\release\light.obj
d:\final\startproject_raytracer\source\tempfiles\release\lambertphongmaterial.obj
d:\final\startproject_raytracer\source\tempfiles\release\lambertmaterial.obj
d:\final\startproject_raytracer\source\tempfiles\release\hitrecord.obj
d:\final\startproject_raytracer\source\tempfiles\release\etimer.obj
d:\final\startproject_raytracer\source\tempfiles\release\erenderer.obj
d:\final\startproject_raytracer\source\tempfiles\release\directionallight.obj
d:\final\startproject_raytracer\source\tempfiles\release\brdf.obj
f:\final\startproject_raytracer\bin\release\raytracer.exe
f:\final\startproject_raytracer\source\tempfiles\release\raytracer.ipdb
f:\final\startproject_raytracer\source\tempfiles\release\raytracer.iobj
f:\final\startproject_raytracer\bin\release\raytracer.pdb
d:\final\startproject_raytracer\source\tempfiles\release\raytracer.iobj
d:\final\startproject_raytracer\source\..\bin\release\raytracer.pdb
d:\final\startproject_raytracer\source\tempfiles\release\raytracer.tlog\cl.command.1.tlog
d:\final\startproject_raytracer\source\tempfiles\release\raytracer.tlog\cl.read.1.tlog
d:\final\startproject_raytracer\source\tempfiles\release\raytracer.tlog\cl.write.1.tlog
d:\final\startproject_raytracer\source\tempfiles\release\raytracer.tlog\link.command.1.tlog
d:\final\startproject_raytracer\source\tempfiles\release\raytracer.tlog\link.read.1.tlog
d:\final\startproject_raytracer\source\tempfiles\release\raytracer.tlog\link.write.1.tlog
